<?xml version="1.0" encoding="UTF-8"?>
<!-- Generated by org.testng.reporters.JUnitXMLReporter -->
<testsuite ignored="0" hostname="INPUNWHP6094773" failures="0" tests="3" name="Default test" time="53.01" errors="0" timestamp="2020-07-11T18:55:31 IST">
  <testcase classname="trial.PrintData1" name="PrintD" time="18.921"/>
  <testcase classname="trial.PrintData1" name="PrintD" time="15.654"/>
  <testcase classname="trial.PrintData1" name="PrintD" time="17.913"/>
</testsuite> <!-- Default test -->
