<?xml version="1.0" encoding="UTF-8"?>
<!-- Generated by org.testng.reporters.JUnitXMLReporter -->
<testsuite ignored="0" hostname="INPUNWHP6094773" failures="0" tests="6" name="Default test" time="128.784" errors="0" timestamp="2020-07-11T16:57:03 IST">
  <testcase classname="trial.PrintData" name="PrintD" time="37.689"/>
  <testcase classname="trial.PrintData" name="PrintD" time="17.584"/>
  <testcase classname="trial.PrintData" name="PrintD" time="17.659"/>
  <testcase classname="trial.PrintData" name="PrintD" time="19.605"/>
  <testcase classname="trial.PrintData" name="PrintD" time="16.733"/>
  <testcase classname="trial.PrintData" name="PrintD" time="19.046"/>
</testsuite> <!-- Default test -->
