<?xml version="1.0" encoding="UTF-8"?>
<!-- Generated by org.testng.reporters.JUnitXMLReporter -->
<testsuite ignored="0" hostname="INPUNWHP6094773" failures="0" tests="3" name="Chrome Test1" time="124.614" errors="0" timestamp="12 Jul 2020 04:24:07 GMT">
  <testcase classname="trial.PrintData1" name="PrintD" time="39.986"/>
  <testcase classname="trial.PrintData1" name="PrintD" time="47.855"/>
  <testcase classname="trial.PrintData1" name="PrintD" time="35.114"/>
</testsuite> <!-- Chrome Test1 -->
