<?xml version="1.0" encoding="UTF-8"?>
<!-- Generated by org.testng.reporters.JUnitXMLReporter -->
<testsuite ignored="0" hostname="INPUNWHP6094773" failures="0" tests="3" name="Chrome Test2" time="56.309" errors="0" timestamp="2020-07-11T19:06:33 IST">
  <testcase classname="trial.PrintData2" name="PrintD" time="19.114"/>
  <testcase classname="trial.PrintData2" name="PrintD" time="20.493"/>
  <testcase classname="trial.PrintData2" name="PrintD" time="16.059"/>
</testsuite> <!-- Chrome Test2 -->
