<?xml version="1.0" encoding="UTF-8"?>
<!-- Generated by org.testng.reporters.JUnitXMLReporter -->
<testsuite ignored="0" hostname="INPUNWHP6094773" failures="0" tests="3" name="Chrome Test3" time="63.886" errors="0" timestamp="2020-07-11T19:07:37 IST">
  <testcase classname="trial.PrintData3" name="PrintD" time="18.897"/>
  <testcase classname="trial.PrintData3" name="PrintD" time="21.603"/>
  <testcase classname="trial.PrintData3" name="PrintD" time="23.333"/>
</testsuite> <!-- Chrome Test3 -->
