<?xml version="1.0" encoding="UTF-8"?>
<!-- Generated by org.testng.reporters.JUnitXMLReporter -->
<testsuite ignored="0" hostname="INPUNWHP6094773" failures="0" tests="3" name="Chrome Test2" time="124.978" errors="0" timestamp="12 Jul 2020 04:24:07 GMT">
  <testcase classname="trial.PrintData2" name="PrintD" time="43.396"/>
  <testcase classname="trial.PrintData2" name="PrintD" time="48.536"/>
  <testcase classname="trial.PrintData2" name="PrintD" time="31.408"/>
</testsuite> <!-- Chrome Test2 -->
