<?xml version="1.0" encoding="UTF-8"?>
<testng-results ignored="0" total="6" passed="6" failed="0" skipped="0">
  <reporter-output>
  </reporter-output>
  <suite started-at="2020-07-11T11:28:55Z" name="Suite" finished-at="2020-07-11T11:31:07Z" duration-ms="132105">
    <groups>
    </groups>
    <test started-at="2020-07-11T11:28:55Z" name="Test" finished-at="2020-07-11T11:31:07Z" duration-ms="132105">
      <class name="trial.PrintData">
        <test-method signature="PrintD(java.lang.String, java.lang.String)[pri:0, instance:trial.PrintData@6200f9cb]" started-at="2020-07-11T16:58:56Z" name="PrintD" data-provider="TestData" finished-at="2020-07-11T16:59:30Z" duration-ms="34129" status="PASS">
          <params>
            <param index="0">
              <value>
                <![CDATA[ID]]>
              </value>
            </param>
            <param index="1">
              <value>
                <![CDATA[Pass]]>
              </value>
            </param>
          </params>
          <reporter-output>
          </reporter-output>
        </test-method> <!-- PrintD -->
        <test-method signature="PrintD(java.lang.String, java.lang.String)[pri:0, instance:trial.PrintData@6200f9cb]" started-at="2020-07-11T16:59:30Z" name="PrintD" data-provider="TestData" finished-at="2020-07-11T16:59:45Z" duration-ms="15462" status="PASS">
          <params>
            <param index="0">
              <value>
                <![CDATA[sumitIdentity1]]>
              </value>
            </param>
            <param index="1">
              <value>
                <![CDATA[SummitPass1]]>
              </value>
            </param>
          </params>
          <reporter-output>
          </reporter-output>
        </test-method> <!-- PrintD -->
        <test-method signature="PrintD(java.lang.String, java.lang.String)[pri:0, instance:trial.PrintData@6200f9cb]" started-at="2020-07-11T16:59:45Z" name="PrintD" data-provider="TestData" finished-at="2020-07-11T17:00:00Z" duration-ms="14798" status="PASS">
          <params>
            <param index="0">
              <value>
                <![CDATA[sumitIdentity2]]>
              </value>
            </param>
            <param index="1">
              <value>
                <![CDATA[SummitPass2]]>
              </value>
            </param>
          </params>
          <reporter-output>
          </reporter-output>
        </test-method> <!-- PrintD -->
        <test-method signature="PrintD(java.lang.String, java.lang.String)[pri:0, instance:trial.PrintData@6200f9cb]" started-at="2020-07-11T17:00:00Z" name="PrintD" data-provider="TestData" finished-at="2020-07-11T17:00:19Z" duration-ms="18988" status="PASS">
          <params>
            <param index="0">
              <value>
                <![CDATA[sumitIdentity3]]>
              </value>
            </param>
            <param index="1">
              <value>
                <![CDATA[SummitPass3]]>
              </value>
            </param>
          </params>
          <reporter-output>
          </reporter-output>
        </test-method> <!-- PrintD -->
        <test-method signature="PrintD(java.lang.String, java.lang.String)[pri:0, instance:trial.PrintData@6200f9cb]" started-at="2020-07-11T17:00:19Z" name="PrintD" data-provider="TestData" finished-at="2020-07-11T17:00:41Z" duration-ms="22023" status="PASS">
          <params>
            <param index="0">
              <value>
                <![CDATA[sumitIdentity4]]>
              </value>
            </param>
            <param index="1">
              <value>
                <![CDATA[SummitPass4]]>
              </value>
            </param>
          </params>
          <reporter-output>
          </reporter-output>
        </test-method> <!-- PrintD -->
        <test-method signature="PrintD(java.lang.String, java.lang.String)[pri:0, instance:trial.PrintData@6200f9cb]" started-at="2020-07-11T17:00:41Z" name="PrintD" data-provider="TestData" finished-at="2020-07-11T17:01:07Z" duration-ms="26211" status="PASS">
          <params>
            <param index="0">
              <value>
                <![CDATA[sumitIdentity5]]>
              </value>
            </param>
            <param index="1">
              <value>
                <![CDATA[SummitPass5]]>
              </value>
            </param>
          </params>
          <reporter-output>
          </reporter-output>
        </test-method> <!-- PrintD -->
      </class> <!-- trial.PrintData -->
    </test> <!-- Test -->
  </suite> <!-- Suite -->
</testng-results>
